<?xml version="1.0" encoding="UTF-8"?>
<!-- Generated by org.testng.reporters.JUnitReportReporter -->
<testsuite hostname="Ramesh" failures="0" tests="1" name="Resources.Testing" time="10.606" errors="0" timestamp="2022-08-13T17:59:27 IST" skipped="0">
  <testcase classname="Resources.Testing" name="login" time="10.606"/>
  <system-out/>
</testsuite> <!-- Resources.Testing -->
